[ 2017-05-19T00:30:11+08:00 ] ::1 /new_vote/Home/Index/apply/id/1.html
INFO: [ app_init ] --START--
INFO: Run Behavior\BuildLiteBehavior [ RunTime:0.000018s ]
INFO: [ app_init ] --END-- [ RunTime:0.009737s ]
INFO: [ app_begin ] --START--
INFO: Run Behavior\ReadHtmlCacheBehavior [ RunTime:0.012169s ]
INFO: [ app_begin ] --END-- [ RunTime:0.012224s ]
SQL: SHOW COLUMNS FROM `act` [ RunTime:0.0222s ]
SQL: SELECT * FROM `act` WHERE `id` = 1 LIMIT 1   [ RunTime:0.0017s ]
SQL: SHOW COLUMNS FROM `picture` [ RunTime:0.0139s ]
SQL: SELECT `path` FROM `picture` WHERE `id` = 26 LIMIT 1   [ RunTime:0.0002s ]
SQL: SELECT `path` FROM `picture` WHERE `id` = 27 LIMIT 1   [ RunTime:0.0001s ]
SQL: SELECT `path` FROM `picture` WHERE `id` = 28 LIMIT 1   [ RunTime:0.0001s ]
INFO: [ view_parse ] --START--
INFO: [ template_filter ] --START--
INFO: Run Behavior\ContentReplaceBehavior [ RunTime:0.000708s ]
INFO: [ template_filter ] --END-- [ RunTime:0.000757s ]
INFO: Run Behavior\ParseTemplateBehavior [ RunTime:0.076949s ]
INFO: [ view_parse ] --END-- [ RunTime:0.076995s ]
INFO: [ view_filter ] --START--
INFO: Run Behavior\WriteHtmlCacheBehavior [ RunTime:0.008118s ]
INFO: [ view_filter ] --END-- [ RunTime:0.008159s ]
INFO: [ app_end ] --START--
INFO: Run Behavior\ShowPageTraceBehavior [ RunTime:0.006970s ]
INFO: [ app_end ] --END-- [ RunTime:0.007014s ]

